<?xml version="1.0" encoding="UTF-8"?>
<testng-results ignored="0" total="4" passed="4" failed="0" skipped="0">
  <reporter-output>
  </reporter-output>
  <suite started-at="2023-05-10T11:44:04 IST" name="Suite" finished-at="2023-05-10T11:44:45 IST" duration-ms="41653">
    <groups>
    </groups>
    <test started-at="2023-05-10T11:44:04 IST" name="Test" finished-at="2023-05-10T11:44:45 IST" duration-ms="41653">
      <class name="testscripts.regression.ValidateLoginUsingDataProvider">
        <test-method is-config="true" signature="fileSetUp()[pri:0, instance:testscripts.regression.ValidateLoginUsingDataProvider@485966cc]" started-at="2023-05-10T11:44:04 IST" name="fileSetUp" finished-at="2023-05-10T11:44:04 IST" duration-ms="7" status="PASS">
          <reporter-output>
          </reporter-output>
        </test-method> <!-- fileSetUp -->
        <test-method is-config="true" signature="setUp()[pri:0, instance:testscripts.regression.ValidateLoginUsingDataProvider@485966cc]" started-at="2023-05-10T11:44:04 IST" name="setUp" finished-at="2023-05-10T11:44:11 IST" duration-ms="6955" status="PASS">
          <reporter-output>
          </reporter-output>
        </test-method> <!-- setUp -->
        <test-method signature="validateLoginTest(java.lang.String,java.lang.String,java.lang.String)[pri:0, instance:testscripts.regression.ValidateLoginUsingDataProvider@485966cc]" started-at="2023-05-10T11:44:11 IST" name="validateLoginTest" data-provider="getData" finished-at="2023-05-10T11:44:12 IST" duration-ms="1132" status="PASS">
          <params>
            <param index="0">
              <value>
                <![CDATA[reyaz0617]]>
              </value>
            </param>
            <param index="1">
              <value>
                <![CDATA[reyaz123]]>
              </value>
            </param>
            <param index="2">
              <value>
                <![CDATA[Adactin.com - Search Hotel]]>
              </value>
            </param>
          </params>
          <reporter-output>
          </reporter-output>
        </test-method> <!-- validateLoginTest -->
        <test-method is-config="true" signature="teardown()[pri:0, instance:testscripts.regression.ValidateLoginUsingDataProvider@485966cc]" started-at="2023-05-10T11:44:12 IST" name="teardown" finished-at="2023-05-10T11:44:17 IST" duration-ms="5239" status="PASS">
          <reporter-output>
          </reporter-output>
        </test-method> <!-- teardown -->
        <test-method is-config="true" signature="setUp()[pri:0, instance:testscripts.regression.ValidateLoginUsingDataProvider@485966cc]" started-at="2023-05-10T11:44:17 IST" name="setUp" finished-at="2023-05-10T11:44:21 IST" duration-ms="3661" status="PASS">
          <reporter-output>
          </reporter-output>
        </test-method> <!-- setUp -->
        <test-method signature="validateLoginTest(java.lang.String,java.lang.String,java.lang.String)[pri:0, instance:testscripts.regression.ValidateLoginUsingDataProvider@485966cc]" started-at="2023-05-10T11:44:21 IST" name="validateLoginTest" data-provider="getData" finished-at="2023-05-10T11:44:21 IST" duration-ms="582" status="PASS">
          <params>
            <param index="0">
              <value>
                <![CDATA[reyaz0617]]>
              </value>
            </param>
            <param index="1">
              <value>
                <![CDATA[reyaz456]]>
              </value>
            </param>
            <param index="2">
              <value>
                <![CDATA[Adactin.com - Hotel Reservation System]]>
              </value>
            </param>
          </params>
          <reporter-output>
          </reporter-output>
        </test-method> <!-- validateLoginTest -->
        <test-method is-config="true" signature="teardown()[pri:0, instance:testscripts.regression.ValidateLoginUsingDataProvider@485966cc]" started-at="2023-05-10T11:44:21 IST" name="teardown" finished-at="2023-05-10T11:44:26 IST" duration-ms="5230" status="PASS">
          <reporter-output>
          </reporter-output>
        </test-method> <!-- teardown -->
        <test-method is-config="true" signature="setUp()[pri:0, instance:testscripts.regression.ValidateLoginUsingDataProvider@485966cc]" started-at="2023-05-10T11:44:26 IST" name="setUp" finished-at="2023-05-10T11:44:30 IST" duration-ms="3613" status="PASS">
          <reporter-output>
          </reporter-output>
        </test-method> <!-- setUp -->
        <test-method signature="validateLoginTest(java.lang.String,java.lang.String,java.lang.String)[pri:0, instance:testscripts.regression.ValidateLoginUsingDataProvider@485966cc]" started-at="2023-05-10T11:44:30 IST" name="validateLoginTest" data-provider="getData" finished-at="2023-05-10T11:44:31 IST" duration-ms="572" status="PASS">
          <params>
            <param index="0">
              <value>
                <![CDATA[reyaz1212]]>
              </value>
            </param>
            <param index="1">
              <value>
                <![CDATA[reyaz123]]>
              </value>
            </param>
            <param index="2">
              <value>
                <![CDATA[Adactin.com - Hotel Reservation System]]>
              </value>
            </param>
          </params>
          <reporter-output>
          </reporter-output>
        </test-method> <!-- validateLoginTest -->
        <test-method is-config="true" signature="teardown()[pri:0, instance:testscripts.regression.ValidateLoginUsingDataProvider@485966cc]" started-at="2023-05-10T11:44:31 IST" name="teardown" finished-at="2023-05-10T11:44:36 IST" duration-ms="5203" status="PASS">
          <reporter-output>
          </reporter-output>
        </test-method> <!-- teardown -->
        <test-method is-config="true" signature="setUp()[pri:0, instance:testscripts.regression.ValidateLoginUsingDataProvider@485966cc]" started-at="2023-05-10T11:44:36 IST" name="setUp" finished-at="2023-05-10T11:44:39 IST" duration-ms="3646" status="PASS">
          <reporter-output>
          </reporter-output>
        </test-method> <!-- setUp -->
        <test-method signature="validateLoginTest(java.lang.String,java.lang.String,java.lang.String)[pri:0, instance:testscripts.regression.ValidateLoginUsingDataProvider@485966cc]" started-at="2023-05-10T11:44:39 IST" name="validateLoginTest" data-provider="getData" finished-at="2023-05-10T11:44:40 IST" duration-ms="586" status="PASS">
          <params>
            <param index="0">
              <value>
                <![CDATA[reyaz1212]]>
              </value>
            </param>
            <param index="1">
              <value>
                <![CDATA[reyaz456]]>
              </value>
            </param>
            <param index="2">
              <value>
                <![CDATA[Adactin.com - Hotel Reservation System]]>
              </value>
            </param>
          </params>
          <reporter-output>
          </reporter-output>
        </test-method> <!-- validateLoginTest -->
        <test-method is-config="true" signature="teardown()[pri:0, instance:testscripts.regression.ValidateLoginUsingDataProvider@485966cc]" started-at="2023-05-10T11:44:40 IST" name="teardown" finished-at="2023-05-10T11:44:45 IST" duration-ms="5194" status="PASS">
          <reporter-output>
          </reporter-output>
        </test-method> <!-- teardown -->
      </class> <!-- testscripts.regression.ValidateLoginUsingDataProvider -->
    </test> <!-- Test -->
  </suite> <!-- Suite -->
</testng-results>
