<?xml version="1.0" encoding="UTF-8"?>
<testng-results ignored="1" total="3" passed="2" failed="0" skipped="0">
  <reporter-output>
  </reporter-output>
  <suite started-at="2023-05-11T11:25:35 IST" name="Suite" finished-at="2023-05-11T11:25:58 IST" duration-ms="22793">
    <groups>
    </groups>
    <test started-at="2023-05-11T11:25:35 IST" name="Test" finished-at="2023-05-11T11:25:58 IST" duration-ms="22793">
      <class name="testscripts.regression.ValidateLogin">
        <test-method is-config="true" signature="fileSetUp()[pri:0, instance:testscripts.regression.ValidateLogin@52af26ee]" started-at="2023-05-11T11:25:35 IST" name="fileSetUp" finished-at="2023-05-11T11:25:35 IST" duration-ms="6" status="PASS">
          <reporter-output>
          </reporter-output>
        </test-method> <!-- fileSetUp -->
        <test-method is-config="true" signature="setUp()[pri:0, instance:testscripts.regression.ValidateLogin@52af26ee]" started-at="2023-05-11T11:25:35 IST" name="setUp" finished-at="2023-05-11T11:25:39 IST" duration-ms="4259" status="PASS">
          <reporter-output>
          </reporter-output>
        </test-method> <!-- setUp -->
        <test-method signature="validateLoginTest()[pri:0, instance:testscripts.regression.ValidateLogin@52af26ee]" started-at="2023-05-11T11:25:39 IST" name="validateLoginTest" finished-at="2023-05-11T11:25:40 IST" duration-ms="1082" status="PASS">
          <reporter-output>
          </reporter-output>
        </test-method> <!-- validateLoginTest -->
        <test-method is-config="true" signature="teardown()[pri:0, instance:testscripts.regression.ValidateLogin@52af26ee]" started-at="2023-05-11T11:25:40 IST" name="teardown" finished-at="2023-05-11T11:25:46 IST" duration-ms="5218" status="PASS">
          <reporter-output>
          </reporter-output>
        </test-method> <!-- teardown -->
      </class> <!-- testscripts.regression.ValidateLogin -->
      <class name="testscripts.regression.ValidateRegistration">
        <test-method is-config="true" signature="setUp()[pri:0, instance:testscripts.regression.ValidateRegistration@d5b810e]" started-at="2023-05-11T11:25:46 IST" name="setUp" finished-at="2023-05-11T11:25:52 IST" duration-ms="6125" status="PASS">
          <reporter-output>
          </reporter-output>
        </test-method> <!-- setUp -->
        <test-method signature="registrationTest()[pri:0, instance:testscripts.regression.ValidateRegistration@d5b810e]" started-at="2023-05-11T11:25:52 IST" name="registrationTest" finished-at="2023-05-11T11:25:53 IST" duration-ms="892" status="PASS">
          <reporter-output>
          </reporter-output>
        </test-method> <!-- registrationTest -->
        <test-method is-config="true" signature="teardown()[pri:0, instance:testscripts.regression.ValidateRegistration@d5b810e]" started-at="2023-05-11T11:25:53 IST" name="teardown" finished-at="2023-05-11T11:25:58 IST" duration-ms="5188" status="PASS">
          <reporter-output>
          </reporter-output>
        </test-method> <!-- teardown -->
      </class> <!-- testscripts.regression.ValidateRegistration -->
    </test> <!-- Test -->
  </suite> <!-- Suite -->
</testng-results>
