<?xml version="1.0" encoding="UTF-8"?>
<!-- Generated by org.testng.reporters.JUnitXMLReporter -->
<testsuite ignored="0" hostname="LAPTOP-GAUPM6CM" failures="0" tests="4" name="Test" time="41.653" errors="0" timestamp="2023-05-10T11:44:45 IST">
  <testcase classname="testscripts.regression.ValidateLoginUsingDataProvider" name="validateLoginTest" time="1.132"/>
  <testcase classname="testscripts.regression.ValidateLoginUsingDataProvider" name="validateLoginTest" time="0.582"/>
  <testcase classname="testscripts.regression.ValidateLoginUsingDataProvider" name="validateLoginTest" time="0.572"/>
  <testcase classname="testscripts.regression.ValidateLoginUsingDataProvider" name="validateLoginTest" time="0.586"/>
</testsuite> <!-- Test -->
