<?xml version="1.0" encoding="UTF-8"?>
<!-- Generated by org.testng.reporters.JUnitXMLReporter -->
<testsuite ignored="1" hostname="LAPTOP-GAUPM6CM" failures="0" tests="2" name="Test" time="22.793" errors="0" timestamp="2023-05-11T11:25:58 IST">
  <testcase classname="testscripts.regression.ValidateLogin" name="validateLoginTest" time="1.082"/>
  <testcase classname="testscripts.regression.ValidateRegistration" name="registrationTest" time="0.892"/>
  <testcase classname="base.BaseTest" name="@BeforeTest fileSetUp" time="0.0">
    <ignored/>
  </testcase> <!-- @BeforeTest fileSetUp -->
</testsuite> <!-- Test -->
